Using pre-set license
Built from '2020.3/china_unity/release' branch; Version is '2020.3.48f1c1 (06fbdfbf16e3) revision 457695'; Using compiler version '192528614'; Build Type 'Release'
OS: 'Windows 10  (10.0.19045) 64bit Professional' Language: 'zh' Physical Memory: 16347 MB
BatchMode: 1, IsHumanControllingUs: 0, StartBugReporterOnCrash: 0, Is64bit: 1, IsPro: 0

COMMAND LINE ARGUMENTS:
C:\Program Files\Unity\Hub\Editor\2020.3.48f1c1\Editor\Unity.exe
-adb2
-batchMode
-noUpm
-name
AssetImportWorker0
-projectPath
C:/Users/Administrator/Desktop/Gal Game
-logFile
Logs/AssetImportWorker0.log
-srvPort
11268
Successfully changed project path to: C:/Users/Administrator/Desktop/Gal Game
C:/Users/Administrator/Desktop/Gal Game
Using Asset Import Pipeline V2.
Player connection [12896] Host "[IP] 192.168.8.114 [Port] 1073959328 [Flags] 2 [Guid] 3118120943 [EditorId] 3118120943 [Version] 1048832 [Id] WindowsEditor(7,MS-UFMAKPNRSBVC) [Debug] 1 [PackageName] WindowsEditor [ProjectName] Editor" joined multi-casting on [225.0.0.222:54997]...

Player connection [12896] Host "[IP] 192.168.8.114 [Port] 1073959328 [Flags] 2 [Guid] 3118120943 [EditorId] 3118120943 [Version] 1048832 [Id] WindowsEditor(7,MS-UFMAKPNRSBVC) [Debug] 1 [PackageName] WindowsEditor [ProjectName] Editor" joined alternative multi-casting on [225.0.0.222:34997]...

AS: AutoStreaming module initializing.Refreshing native plugins compatible for Editor in 46.90 ms, found 6 plugins.
Preloading 0 native plugins for Editor in 0.00 ms.
Initialize engine version: 2020.3.48f1c1 (06fbdfbf16e3)
[Subsystems] Discovering subsystems at path C:/Program Files/Unity/Hub/Editor/2020.3.48f1c1/Editor/Data/Resources/UnitySubsystems
[Subsystems] Discovering subsystems at path C:/Users/Administrator/Desktop/Gal Game/Assets
GfxDevice: creating device client; threaded=0
Direct3D:
    Version:  Direct3D 11.0 [level 11.0]
    Renderer: NVIDIA GeForce GT 730 (ID=0x1287)
    Vendor:   
    VRAM:     2007 MB
    Driver:   30.0.14.7514
Initialize mono
Mono path[0] = 'C:/Program Files/Unity/Hub/Editor/2020.3.48f1c1/Editor/Data/Managed'
Mono path[1] = 'C:/Program Files/Unity/Hub/Editor/2020.3.48f1c1/Editor/Data/MonoBleedingEdge/lib/mono/unityjit'
Mono config path = 'C:/Program Files/Unity/Hub/Editor/2020.3.48f1c1/Editor/Data/MonoBleedingEdge/etc'
Using monoOptions --debugger-agent=transport=dt_socket,embedding=1,server=y,suspend=n,address=127.0.0.1:56032
Begin MonoManager ReloadAssembly
Registering precompiled unity dll's ...
Register platform support module: C:/Program Files/Unity/Hub/Editor/2020.3.48f1c1/Editor/Data/PlaybackEngines/WebGLSupport/UnityEditor.WebGL.Extensions.dll
Register platform support module: C:/Program Files/Unity/Hub/Editor/2020.3.48f1c1/Editor/Data/PlaybackEngines/WindowsStandaloneSupport/UnityEditor.WindowsStandalone.Extensions.dll
Registered in 0.001713 seconds.
Native extension for WindowsStandalone target not found
Native extension for WebGL target not found
Refreshing native plugins compatible for Editor in 44.29 ms, found 6 plugins.
Preloading 0 native plugins for Editor in 0.00 ms.
Mono: successfully reloaded assembly
- Completed reload, in  0.538 seconds
Domain Reload Profiling:
	ReloadAssembly (538ms)
		BeginReloadAssembly (58ms)
			ExecutionOrderSort (0ms)
			DisableScriptedObjects (0ms)
			BackupInstance (0ms)
			ReleaseScriptingObjects (0ms)
			CreateAndSetChildDomain (1ms)
		EndReloadAssembly (415ms)
			LoadAssemblies (56ms)
			RebuildTransferFunctionScriptingTraits (0ms)
			SetupTypeCache (136ms)
			ReleaseScriptCaches (0ms)
			RebuildScriptCaches (26ms)
			SetupLoadedEditorAssemblies (167ms)
				LogAssemblyErrors (0ms)
				InitializePlatformSupportModulesInManaged (5ms)
				SetLoadedEditorAssemblies (0ms)
				RefreshPlugins (44ms)
				BeforeProcessingInitializeOnLoad (13ms)
				ProcessInitializeOnLoadAttributes (79ms)
				ProcessInitializeOnLoadMethodAttributes (25ms)
				AfterProcessingInitializeOnLoad (0ms)
				EditorAssembliesLoaded (0ms)
			ExecutionOrderSort2 (0ms)
			AwakeInstancesAfterBackupRestoration (0ms)
Platform modules already initialized, skipping
Registering precompiled user dll's ...
Registered in 0.002620 seconds.
Begin MonoManager ReloadAssembly
Native extension for WindowsStandalone target not found
Native extension for WebGL target not found
Refreshing native plugins compatible for Editor in 44.42 ms, found 6 plugins.
Preloading 0 native plugins for Editor in 0.00 ms.
Mono: successfully reloaded assembly
- Completed reload, in  1.011 seconds
Domain Reload Profiling:
	ReloadAssembly (1011ms)
		BeginReloadAssembly (131ms)
			ExecutionOrderSort (0ms)
			DisableScriptedObjects (5ms)
			BackupInstance (0ms)
			ReleaseScriptingObjects (0ms)
			CreateAndSetChildDomain (17ms)
		EndReloadAssembly (825ms)
			LoadAssemblies (87ms)
			RebuildTransferFunctionScriptingTraits (0ms)
			SetupTypeCache (281ms)
			ReleaseScriptCaches (1ms)
			RebuildScriptCaches (46ms)
			SetupLoadedEditorAssemblies (318ms)
				LogAssemblyErrors (0ms)
				InitializePlatformSupportModulesInManaged (4ms)
				SetLoadedEditorAssemblies (0ms)
				RefreshPlugins (45ms)
				BeforeProcessingInitializeOnLoad (78ms)
				ProcessInitializeOnLoadAttributes (174ms)
				ProcessInitializeOnLoadMethodAttributes (12ms)
				AfterProcessingInitializeOnLoad (5ms)
				EditorAssembliesLoaded (0ms)
			ExecutionOrderSort2 (0ms)
			AwakeInstancesAfterBackupRestoration (2ms)
Platform modules already initialized, skipping
========================================================================
Worker process is ready to serve import requests
Launched and connected shader compiler UnityShaderCompiler.exe after 0.04 seconds
Refreshing native plugins compatible for Editor in 0.48 ms, found 6 plugins.
Preloading 0 native plugins for Editor in 0.00 ms.
Unloading 2169 Unused Serialized files (Serialized files now loaded: 0)
System memory in use before: 97.0 MB.
System memory in use after: 97.1 MB.

Unloading 32 unused Assets to reduce memory usage. Loaded Objects now: 2601.
Total: 2.426000 ms (FindLiveObjects: 0.139700 ms CreateObjectMapping: 0.069600 ms MarkObjects: 2.123300 ms  DeleteObjects: 0.092900 ms)

AssetImportParameters requested are different than current active one (requested -> active):
  custom:framework-win-MediaFoundation: 216162199b28c13a410421893ffa2e32 -> 
  custom:video-decoder-ogg-theora: a1e56fd34408186e4bbccfd4996cb3dc -> 
  custom:container-muxer-webm: aa71ff27fc2769a1b78a27578f13a17b -> 
  custom:container-demuxer-webm: 4f35f7cbe854078d1ac9338744f61a02 -> 
  custom:container-demuxer-ogg: 62fdf1f143b41e24485cea50d1cbac27 -> 
  custom:video-encoder-webm-vp8: eb34c28f22e8b96e1ab97ce403110664 -> 
  custom:video-decoder-webm-vp8: 9c59270c3fd7afecdb556c50c9e8de78 -> 
  custom:audio-decoder-ogg-vorbis: bf7c407c2cedff20999df2af8eb42d56 -> 
  custom:audio-encoder-webm-vorbis: bf7c407c2cedff20999df2af8eb42d56 -> 
========================================================================
Received Import Request.
  path: Assets/Logo.png
  artifactKey: Guid(e6b3d7a6ace98c540ba23506e1267187) Importer(815301076,1909f56bfc062723c751e8b465ee728b)
Start importing Assets/Logo.png using Guid(e6b3d7a6ace98c540ba23506e1267187) Importer(815301076,1909f56bfc062723c751e8b465ee728b)  -> (artifact id: 'cf07c6a371d2e55cbe3aeba18280093f') in 0.094308 seconds 
========================================================================
Received Import Request.
  Time since last request: 4.546655 seconds.
  path: Assets/Fonts
  artifactKey: Guid(9f943a0e010cd504c8680a1411a917c5) Importer(815301076,1909f56bfc062723c751e8b465ee728b)
Start importing Assets/Fonts using Guid(9f943a0e010cd504c8680a1411a917c5) Importer(815301076,1909f56bfc062723c751e8b465ee728b)  -> (artifact id: '7f7cff2e88a41647ff4d61fb267b4627') in 0.001844 seconds 
========================================================================
Received Import Request.
  Time since last request: 0.343305 seconds.
  path: Assets/Materials
  artifactKey: Guid(2babff6e6e603334e95b7da3af47ffb3) Importer(815301076,1909f56bfc062723c751e8b465ee728b)
Start importing Assets/Materials using Guid(2babff6e6e603334e95b7da3af47ffb3) Importer(815301076,1909f56bfc062723c751e8b465ee728b)  -> (artifact id: '76d3441fdc1408b649a8b8a24be08400') in 0.002555 seconds 
========================================================================
Received Import Request.
  Time since last request: 0.733885 seconds.
  path: Assets/Scenes
  artifactKey: Guid(217c8c9fbd9471846b7111120f2c29a6) Importer(815301076,1909f56bfc062723c751e8b465ee728b)
Start importing Assets/Scenes using Guid(217c8c9fbd9471846b7111120f2c29a6) Importer(815301076,1909f56bfc062723c751e8b465ee728b)  -> (artifact id: 'f4c7787f08511569317ebf7636e9686b') in 0.002599 seconds 
========================================================================
Received Import Request.
  Time since last request: 1.275423 seconds.
  path: Assets/Scenes/CG.unity
  artifactKey: Guid(3f9a291219fc7cc419824e8ea8061495) Importer(815301076,1909f56bfc062723c751e8b465ee728b)
Start importing Assets/Scenes/CG.unity using Guid(3f9a291219fc7cc419824e8ea8061495) Importer(815301076,1909f56bfc062723c751e8b465ee728b)  -> (artifact id: '6cf24b1f8a31956d7d3e64484b1c4f98') in 0.002122 seconds 
========================================================================
Received Import Request.
  Time since last request: 0.429118 seconds.
  path: Assets/Scenes/Game1.unity
  artifactKey: Guid(e7f836c91f4b6e143ab0260b4c726643) Importer(815301076,1909f56bfc062723c751e8b465ee728b)
Start importing Assets/Scenes/Game1.unity using Guid(e7f836c91f4b6e143ab0260b4c726643) Importer(815301076,1909f56bfc062723c751e8b465ee728b)  -> (artifact id: '78e4c8c06800f4fbf4637893e11a295a') in 0.001935 seconds 
========================================================================
Received Import Request.
  Time since last request: 0.937130 seconds.
  path: Assets/Scenes/Menu.unity
  artifactKey: Guid(2cda990e2423bbf4892e6590ba056729) Importer(815301076,1909f56bfc062723c751e8b465ee728b)
Start importing Assets/Scenes/Menu.unity using Guid(2cda990e2423bbf4892e6590ba056729) Importer(815301076,1909f56bfc062723c751e8b465ee728b)  -> (artifact id: '2d96e773ef4b32d13e47f9b17b90126c') in 0.002186 seconds 
========================================================================
Received Import Request.
  Time since last request: 50.547773 seconds.
  path: Assets/Material/Flower.mat
  artifactKey: Guid(282296aab3620484684c7b8ec197edb7) Importer(815301076,1909f56bfc062723c751e8b465ee728b)
Start importing Assets/Material/Flower.mat using Guid(282296aab3620484684c7b8ec197edb7) Importer(815301076,1909f56bfc062723c751e8b465ee728b)  -> (artifact id: 'cec5c58194e01f1dde6a400137782d1a') in 0.039631 seconds 
========================================================================
Received Import Request.
  Time since last request: 0.000349 seconds.
  path: Assets/Material/Flower4.mat
  artifactKey: Guid(f29494ff231d0ac42aa79db3d5e8b0b5) Importer(815301076,1909f56bfc062723c751e8b465ee728b)
Start importing Assets/Material/Flower4.mat using Guid(f29494ff231d0ac42aa79db3d5e8b0b5) Importer(815301076,1909f56bfc062723c751e8b465ee728b)  -> (artifact id: '74abbc9b11e51f8b8c88d745759cdce8') in 0.011525 seconds 
========================================================================
Received Import Request.
  Time since last request: 0.000238 seconds.
  path: Assets/Material/Flower2.mat
  artifactKey: Guid(89d3ee576162a304185f1f38c486d60f) Importer(815301076,1909f56bfc062723c751e8b465ee728b)
Start importing Assets/Material/Flower2.mat using Guid(89d3ee576162a304185f1f38c486d60f) Importer(815301076,1909f56bfc062723c751e8b465ee728b)  -> (artifact id: 'c50fe2b3a0ca770600c80a479c723101') in 0.007839 seconds 
========================================================================
Received Import Request.
  Time since last request: 0.000266 seconds.
  path: Assets/Material/Flower3.mat
  artifactKey: Guid(77abf2de8216d284cb954b1ce996c431) Importer(815301076,1909f56bfc062723c751e8b465ee728b)
Start importing Assets/Material/Flower3.mat using Guid(77abf2de8216d284cb954b1ce996c431) Importer(815301076,1909f56bfc062723c751e8b465ee728b)  -> (artifact id: 'b48a0a0447e828b9549fdc4032671518') in 0.019017 seconds 
========================================================================
Received Import Request.
  Time since last request: 0.572504 seconds.
  path: Assets/Materials/Text Field.mat
  artifactKey: Guid(c089cbb63c9888544966898216985665) Importer(815301076,1909f56bfc062723c751e8b465ee728b)
Start importing Assets/Materials/Text Field.mat using Guid(c089cbb63c9888544966898216985665) Importer(815301076,1909f56bfc062723c751e8b465ee728b)  -> (artifact id: '30f94f43f8f7b3e1ccc84d977a7fafb5') in 0.107052 seconds 
========================================================================
Received Import Request.
  Time since last request: 0.160658 seconds.
  path: Assets/Prefab/menuButton.prefab
  artifactKey: Guid(31758f0aade61014684487863bff6665) Importer(815301076,1909f56bfc062723c751e8b465ee728b)
Start importing Assets/Prefab/menuButton.prefab using Guid(31758f0aade61014684487863bff6665) Importer(815301076,1909f56bfc062723c751e8b465ee728b)  -> (artifact id: '4a113e0ebfe0038ab1e6d112d28b5fb8') in 0.024176 seconds 
========================================================================
Received Import Request.
  Time since last request: 2.068041 seconds.
  path: Assets/Scripts/Camera
  artifactKey: Guid(7212cb6d3d8845248a7a0178ae68c876) Importer(815301076,1909f56bfc062723c751e8b465ee728b)
Start importing Assets/Scripts/Camera using Guid(7212cb6d3d8845248a7a0178ae68c876) Importer(815301076,1909f56bfc062723c751e8b465ee728b)  -> (artifact id: '8aab9ce2cfeb1ae48a6da67cc22481f8') in 0.002080 seconds 
========================================================================
Received Import Request.
  Time since last request: 0.387933 seconds.
  path: Assets/Scripts/Game
  artifactKey: Guid(4520dac6f123c5b40be3e5eaa92a0ba3) Importer(815301076,1909f56bfc062723c751e8b465ee728b)
Start importing Assets/Scripts/Game using Guid(4520dac6f123c5b40be3e5eaa92a0ba3) Importer(815301076,1909f56bfc062723c751e8b465ee728b)  -> (artifact id: '2d8abc9674c4df43781b7fba68613a7e') in 0.002143 seconds 
========================================================================
Received Import Request.
  Time since last request: 0.627931 seconds.
  path: Assets/Scripts/Game/Gradient.cs
  artifactKey: Guid(f199bb5edeaa3c64aa85c3681731ec50) Importer(815301076,1909f56bfc062723c751e8b465ee728b)
Start importing Assets/Scripts/Game/Gradient.cs using Guid(f199bb5edeaa3c64aa85c3681731ec50) Importer(815301076,1909f56bfc062723c751e8b465ee728b)  -> (artifact id: 'e93e386e831091526573b0198f67b7a5') in 0.077136 seconds 
========================================================================
Received Import Request.
  Time since last request: 0.819832 seconds.
  path: Assets/Scripts/Game/ShakeCamera.cs
  artifactKey: Guid(e665fad1e0b38a2438a0bb48bcd17041) Importer(815301076,1909f56bfc062723c751e8b465ee728b)
Start importing Assets/Scripts/Game/ShakeCamera.cs using Guid(e665fad1e0b38a2438a0bb48bcd17041) Importer(815301076,1909f56bfc062723c751e8b465ee728b)  -> (artifact id: '46148002e22c3f9ed9e92e347e84cddd') in 0.001942 seconds 
========================================================================
Received Import Request.
  Time since last request: 0.755076 seconds.
  path: Assets/Scripts/Game/SkipCanvas.cs
  artifactKey: Guid(e03c2ef4db9e5c545a30b77c2aef7562) Importer(815301076,1909f56bfc062723c751e8b465ee728b)
Start importing Assets/Scripts/Game/SkipCanvas.cs using Guid(e03c2ef4db9e5c545a30b77c2aef7562) Importer(815301076,1909f56bfc062723c751e8b465ee728b)  -> (artifact id: 'a8b0404bf431f7bb5edca305d3b01090') in 0.001785 seconds 
========================================================================
Received Import Request.
  Time since last request: 0.902309 seconds.
  path: Assets/Scripts/Game/mainController.cs
  artifactKey: Guid(6ee854f6d32b237469f05c785e5cb340) Importer(815301076,1909f56bfc062723c751e8b465ee728b)
Start importing Assets/Scripts/Game/mainController.cs using Guid(6ee854f6d32b237469f05c785e5cb340) Importer(815301076,1909f56bfc062723c751e8b465ee728b)  -> (artifact id: '935ed4967724a4db7d9722eb841b2f7f') in 0.002075 seconds 
========================================================================
Received Import Request.
  Time since last request: 7.805208 seconds.
  path: Assets/Scripts/Game/Page.cs
  artifactKey: Guid(940eec102a18470409835a20913a180d) Importer(815301076,1909f56bfc062723c751e8b465ee728b)
Start importing Assets/Scripts/Game/Page.cs using Guid(940eec102a18470409835a20913a180d) Importer(815301076,1909f56bfc062723c751e8b465ee728b)  -> (artifact id: '260bf91aab128a9818293f72af41bc1a') in 0.002304 seconds 
========================================================================
Received Import Request.
  Time since last request: 2.796213 seconds.
  path: Assets/Scripts/Game/Buttons.cs
  artifactKey: Guid(75626625e2998784a821f8f2a745a267) Importer(815301076,1909f56bfc062723c751e8b465ee728b)
Start importing Assets/Scripts/Game/Buttons.cs using Guid(75626625e2998784a821f8f2a745a267) Importer(815301076,1909f56bfc062723c751e8b465ee728b)  -> (artifact id: 'e37c5ea36cf1c007f3a894dd7e350088') in 0.001834 seconds 
========================================================================
Received Prepare
Registering precompiled user dll's ...
Registered in 0.002606 seconds.
Begin MonoManager ReloadAssembly
Native extension for WindowsStandalone target not found
Native extension for WebGL target not found
Refreshing native plugins compatible for Editor in 0.56 ms, found 6 plugins.
Preloading 0 native plugins for Editor in 0.00 ms.
Mono: successfully reloaded assembly
- Completed reload, in  1.044 seconds
Domain Reload Profiling:
	ReloadAssembly (1044ms)
		BeginReloadAssembly (132ms)
			ExecutionOrderSort (0ms)
			DisableScriptedObjects (7ms)
			BackupInstance (0ms)
			ReleaseScriptingObjects (0ms)
			CreateAndSetChildDomain (39ms)
		EndReloadAssembly (856ms)
			LoadAssemblies (103ms)
			RebuildTransferFunctionScriptingTraits (0ms)
			SetupTypeCache (291ms)
			ReleaseScriptCaches (1ms)
			RebuildScriptCaches (70ms)
			SetupLoadedEditorAssemblies (289ms)
				LogAssemblyErrors (0ms)
				InitializePlatformSupportModulesInManaged (6ms)
				SetLoadedEditorAssemblies (0ms)
				RefreshPlugins (1ms)
				BeforeProcessingInitializeOnLoad (75ms)
				ProcessInitializeOnLoadAttributes (186ms)
				ProcessInitializeOnLoadMethodAttributes (12ms)
				AfterProcessingInitializeOnLoad (7ms)
				EditorAssembliesLoaded (0ms)
			ExecutionOrderSort2 (0ms)
			AwakeInstancesAfterBackupRestoration (3ms)
Platform modules already initialized, skipping
Refreshing native plugins compatible for Editor in 0.49 ms, found 6 plugins.
Preloading 0 native plugins for Editor in 0.00 ms.
Unloading 2151 Unused Serialized files (Serialized files now loaded: 0)
System memory in use before: 99.5 MB.
System memory in use after: 99.7 MB.

Unloading 22 unused Assets to reduce memory usage. Loaded Objects now: 2651.
Total: 2.534200 ms (FindLiveObjects: 0.141300 ms CreateObjectMapping: 0.070000 ms MarkObjects: 2.255000 ms  DeleteObjects: 0.067000 ms)

AssetImportParameters requested are different than current active one (requested -> active):
  custom:framework-win-MediaFoundation: 216162199b28c13a410421893ffa2e32 -> 
  custom:video-decoder-ogg-theora: a1e56fd34408186e4bbccfd4996cb3dc -> 
  custom:container-muxer-webm: aa71ff27fc2769a1b78a27578f13a17b -> 
  custom:container-demuxer-webm: 4f35f7cbe854078d1ac9338744f61a02 -> 
  custom:container-demuxer-ogg: 62fdf1f143b41e24485cea50d1cbac27 -> 
  custom:video-encoder-webm-vp8: eb34c28f22e8b96e1ab97ce403110664 -> 
  custom:video-decoder-webm-vp8: 9c59270c3fd7afecdb556c50c9e8de78 -> 
  custom:audio-decoder-ogg-vorbis: bf7c407c2cedff20999df2af8eb42d56 -> 
  custom:audio-encoder-webm-vorbis: bf7c407c2cedff20999df2af8eb42d56 -> 
========================================================================
Received Prepare
Registering precompiled user dll's ...
Registered in 0.002660 seconds.
Begin MonoManager ReloadAssembly
Native extension for WindowsStandalone target not found
Native extension for WebGL target not found
Refreshing native plugins compatible for Editor in 0.54 ms, found 6 plugins.
Preloading 0 native plugins for Editor in 0.00 ms.
Mono: successfully reloaded assembly
- Completed reload, in  0.934 seconds
Domain Reload Profiling:
	ReloadAssembly (934ms)
		BeginReloadAssembly (103ms)
			ExecutionOrderSort (0ms)
			DisableScriptedObjects (6ms)
			BackupInstance (0ms)
			ReleaseScriptingObjects (0ms)
			CreateAndSetChildDomain (29ms)
		EndReloadAssembly (774ms)
			LoadAssemblies (87ms)
			RebuildTransferFunctionScriptingTraits (0ms)
			SetupTypeCache (265ms)
			ReleaseScriptCaches (1ms)
			RebuildScriptCaches (39ms)
			SetupLoadedEditorAssemblies (274ms)
				LogAssemblyErrors (0ms)
				InitializePlatformSupportModulesInManaged (7ms)
				SetLoadedEditorAssemblies (1ms)
				RefreshPlugins (1ms)
				BeforeProcessingInitializeOnLoad (81ms)
				ProcessInitializeOnLoadAttributes (170ms)
				ProcessInitializeOnLoadMethodAttributes (10ms)
				AfterProcessingInitializeOnLoad (5ms)
				EditorAssembliesLoaded (0ms)
			ExecutionOrderSort2 (0ms)
			AwakeInstancesAfterBackupRestoration (3ms)
Platform modules already initialized, skipping
Refreshing native plugins compatible for Editor in 0.51 ms, found 6 plugins.
Preloading 0 native plugins for Editor in 0.00 ms.
Unloading 2151 Unused Serialized files (Serialized files now loaded: 0)
System memory in use before: 99.6 MB.
System memory in use after: 99.7 MB.

Unloading 21 unused Assets to reduce memory usage. Loaded Objects now: 2654.
Total: 3.262800 ms (FindLiveObjects: 0.165000 ms CreateObjectMapping: 0.103800 ms MarkObjects: 2.945100 ms  DeleteObjects: 0.047700 ms)

AssetImportParameters requested are different than current active one (requested -> active):
  custom:framework-win-MediaFoundation: 216162199b28c13a410421893ffa2e32 -> 
  custom:video-decoder-ogg-theora: a1e56fd34408186e4bbccfd4996cb3dc -> 
  custom:container-muxer-webm: aa71ff27fc2769a1b78a27578f13a17b -> 
  custom:container-demuxer-webm: 4f35f7cbe854078d1ac9338744f61a02 -> 
  custom:container-demuxer-ogg: 62fdf1f143b41e24485cea50d1cbac27 -> 
  custom:video-encoder-webm-vp8: eb34c28f22e8b96e1ab97ce403110664 -> 
  custom:video-decoder-webm-vp8: 9c59270c3fd7afecdb556c50c9e8de78 -> 
  custom:audio-decoder-ogg-vorbis: bf7c407c2cedff20999df2af8eb42d56 -> 
  custom:audio-encoder-webm-vorbis: bf7c407c2cedff20999df2af8eb42d56 -> 
========================================================================
Received Prepare
Registering precompiled user dll's ...
Registered in 0.002915 seconds.
Begin MonoManager ReloadAssembly
Native extension for WindowsStandalone target not found
Native extension for WebGL target not found
Refreshing native plugins compatible for Editor in 0.56 ms, found 6 plugins.
Preloading 0 native plugins for Editor in 0.00 ms.
Mono: successfully reloaded assembly
- Completed reload, in  1.020 seconds
Domain Reload Profiling:
	ReloadAssembly (1020ms)
		BeginReloadAssembly (105ms)
			ExecutionOrderSort (0ms)
			DisableScriptedObjects (6ms)
			BackupInstance (0ms)
			ReleaseScriptingObjects (0ms)
			CreateAndSetChildDomain (29ms)
		EndReloadAssembly (853ms)
			LoadAssemblies (98ms)
			RebuildTransferFunctionScriptingTraits (0ms)
			SetupTypeCache (258ms)
			ReleaseScriptCaches (1ms)
			RebuildScriptCaches (42ms)
			SetupLoadedEditorAssemblies (383ms)
				LogAssemblyErrors (0ms)
				InitializePlatformSupportModulesInManaged (5ms)
				SetLoadedEditorAssemblies (0ms)
				RefreshPlugins (1ms)
				BeforeProcessingInitializeOnLoad (105ms)
				ProcessInitializeOnLoadAttributes (252ms)
				ProcessInitializeOnLoadMethodAttributes (14ms)
				AfterProcessingInitializeOnLoad (5ms)
				EditorAssembliesLoaded (0ms)
			ExecutionOrderSort2 (0ms)
			AwakeInstancesAfterBackupRestoration (3ms)
Platform modules already initialized, skipping
Refreshing native plugins compatible for Editor in 0.49 ms, found 6 plugins.
Preloading 0 native plugins for Editor in 0.00 ms.
Unloading 2151 Unused Serialized files (Serialized files now loaded: 0)
System memory in use before: 99.6 MB.
System memory in use after: 99.7 MB.

Unloading 21 unused Assets to reduce memory usage. Loaded Objects now: 2657.
Total: 3.748700 ms (FindLiveObjects: 0.190000 ms CreateObjectMapping: 0.116000 ms MarkObjects: 3.414500 ms  DeleteObjects: 0.026600 ms)

AssetImportParameters requested are different than current active one (requested -> active):
  custom:framework-win-MediaFoundation: 216162199b28c13a410421893ffa2e32 -> 
  custom:video-decoder-ogg-theora: a1e56fd34408186e4bbccfd4996cb3dc -> 
  custom:container-muxer-webm: aa71ff27fc2769a1b78a27578f13a17b -> 
  custom:container-demuxer-webm: 4f35f7cbe854078d1ac9338744f61a02 -> 
  custom:container-demuxer-ogg: 62fdf1f143b41e24485cea50d1cbac27 -> 
  custom:video-encoder-webm-vp8: eb34c28f22e8b96e1ab97ce403110664 -> 
  custom:video-decoder-webm-vp8: 9c59270c3fd7afecdb556c50c9e8de78 -> 
  custom:audio-decoder-ogg-vorbis: bf7c407c2cedff20999df2af8eb42d56 -> 
  custom:audio-encoder-webm-vorbis: bf7c407c2cedff20999df2af8eb42d56 -> 
========================================================================
Received Prepare
Refreshing native plugins compatible for Editor in 4.46 ms, found 6 plugins.
Preloading 0 native plugins for Editor in 0.00 ms.
Unloading 19 Unused Serialized files (Serialized files now loaded: 0)
System memory in use before: 57.2 MB.
System memory in use after: 57.4 MB.

Unloading 19 unused Assets to reduce memory usage. Loaded Objects now: 2657.
Total: 2.815700 ms (FindLiveObjects: 0.185500 ms CreateObjectMapping: 0.097000 ms MarkObjects: 2.484800 ms  DeleteObjects: 0.047600 ms)

AssetImportParameters requested are different than current active one (requested -> active):
  custom:framework-win-MediaFoundation: 216162199b28c13a410421893ffa2e32 -> 
  custom:video-decoder-ogg-theora: a1e56fd34408186e4bbccfd4996cb3dc -> 
  custom:container-muxer-webm: aa71ff27fc2769a1b78a27578f13a17b -> 
  custom:container-demuxer-webm: 4f35f7cbe854078d1ac9338744f61a02 -> 
  custom:container-demuxer-ogg: 62fdf1f143b41e24485cea50d1cbac27 -> 
  custom:video-encoder-webm-vp8: eb34c28f22e8b96e1ab97ce403110664 -> 
  custom:video-decoder-webm-vp8: 9c59270c3fd7afecdb556c50c9e8de78 -> 
  custom:audio-decoder-ogg-vorbis: bf7c407c2cedff20999df2af8eb42d56 -> 
  custom:audio-encoder-webm-vorbis: bf7c407c2cedff20999df2af8eb42d56 -> 
AssetImportWorkerClient::OnTransportError - code=2 error=End of file
